96:41:28.907751 MainPower Log continuation - Log started 2024-04-05T01:01:53.268882500Z
96:42:13.671053 USBPROXY usbLibGetDevices: Starting USB device enumeration
96:42:13.679907 USBPROXY Getting USB descriptor (id 0) failed (dwErr=31) on hub USB#ROOT_HUB30#5&37724e48&0&0#{f18a0e88-c30c-11d0-8815-00a0c906bed8} port 1
96:42:13.680157 USBPROXY Getting USB descriptor (id 0) failed (dwErr=31) on hub USB#ROOT_HUB30#5&37724e48&0&0#{f18a0e88-c30c-11d0-8815-00a0c906bed8} port 2
96:42:13.680649 USBPROXY usbLibGetDevices: Found 3 USB devices, 0 captured
96:42:26.622975 dns-monitor HostDnsMonitor: updating information
96:42:26.623141 dns-monitor HostDnsMonitor: old information
96:42:26.623203 dns-monitor   no server entries
96:42:26.623762 dns-monitor   no domain set
96:42:26.623805 dns-monitor   no search string entries
96:42:26.623824 dns-monitor HostDnsMonitor: new information
96:42:26.623841 dns-monitor   server 1: 192.168.12.162
96:42:26.623859 dns-monitor   no domain set
96:42:26.623875 dns-monitor   no search string entries
96:42:36.829777 USBPROXY usbLibGetDevices: Starting USB device enumeration
96:42:36.852407 USBPROXY Getting USB descriptor (id 0) failed (dwErr=31) on hub USB#ROOT_HUB30#5&37724e48&0&0#{f18a0e88-c30c-11d0-8815-00a0c906bed8} port 2
96:42:36.853870 USBPROXY usbLibGetDevices: Found 3 USB devices, 0 captured
96:43:37.018342 dns-monitor HostDnsMonitor: updating information
96:43:37.018388 dns-monitor HostDnsMonitor: unchanged
96:43:58.929888 USBPROXY usbLibGetDevices: Starting USB device enumeration
96:43:58.938632 USBPROXY Getting USB descriptor (id 0) failed (dwErr=31) on hub USB#ROOT_HUB30#5&37724e48&0&0#{f18a0e88-c30c-11d0-8815-00a0c906bed8} port 1
96:43:58.938903 USBPROXY Getting USB descriptor (id 0) failed (dwErr=31) on hub USB#ROOT_HUB30#5&37724e48&0&0#{f18a0e88-c30c-11d0-8815-00a0c906bed8} port 2
96:43:58.939428 USBPROXY usbLibGetDevices: Found 3 USB devices, 0 captured
97:06:01.285091 USBPROXY usbLibGetDevices: Starting USB device enumeration
97:06:01.293094 USBPROXY Getting USB descriptor (id 0) failed (dwErr=31) on hub USB#ROOT_HUB30#5&37724e48&0&0#{f18a0e88-c30c-11d0-8815-00a0c906bed8} port 1
97:06:01.295141 USBPROXY Getting USB descriptor (id 0) failed (dwErr=31) on hub USB#ROOT_HUB30#5&37724e48&0&0#{f18a0e88-c30c-11d0-8815-00a0c906bed8} port 2
97:06:01.295474 USBPROXY usbLibGetDevices: Found 3 USB devices, 0 captured
97:06:57.118160 USBPROXY usbLibGetDevices: Starting USB device enumeration
97:06:57.127586 USBPROXY Getting USB descriptor (id 0) failed (dwErr=31) on hub USB#ROOT_HUB30#5&37724e48&0&0#{f18a0e88-c30c-11d0-8815-00a0c906bed8} port 1
97:06:57.127875 USBPROXY Getting USB descriptor (id 0) failed (dwErr=31) on hub USB#ROOT_HUB30#5&37724e48&0&0#{f18a0e88-c30c-11d0-8815-00a0c906bed8} port 2
97:06:57.128601 USBPROXY usbLibGetDevices: Found 3 USB devices, 0 captured
97:13:36.555668 dns-monitor HostDnsMonitor: updating information
97:13:36.555719 dns-monitor HostDnsMonitor: unchanged
97:16:42.545967 MainPower Host suspending: Paused 0 VMs
97:16:43.395753 USBPROXY usbLibGetDevices: Starting USB device enumeration
97:16:43.404935 USBPROXY Getting USB descriptor (id 0) failed (dwErr=31) on hub USB#ROOT_HUB30#5&37724e48&0&0#{f18a0e88-c30c-11d0-8815-00a0c906bed8} port 1
97:16:43.406904 USBPROXY Getting USB descriptor (id 0) failed (dwErr=31) on hub USB#ROOT_HUB30#5&37724e48&0&0#{f18a0e88-c30c-11d0-8815-00a0c906bed8} port 2
97:16:43.407337 USBPROXY usbLibGetDevices: Found 3 USB devices, 0 captured
100:16:46.994610 dns-monitor HostDnsMonitor: updating information
100:16:46.994707 dns-monitor HostDnsMonitor: old information
100:16:46.994729 dns-monitor   server 1: 192.168.12.162
100:16:46.994752 dns-monitor   no domain set
100:16:46.994770 dns-monitor   no search string entries
100:16:46.994789 dns-monitor HostDnsMonitor: new information
100:16:46.994805 dns-monitor   no server entries
100:16:46.994821 dns-monitor   no domain set
100:16:46.994837 dns-monitor   no search string entries
116:29:00.364344          Saving settings file "C:\Users\caste\.VirtualBox\VirtualBox.xml" with version "1.12-windows"
116:29:00.706913          Finished saving settings file "C:\Users\caste\.VirtualBox\VirtualBox.xml"
116:29:00.895278          Saving settings file "C:\Users\caste\.VirtualBox\VirtualBox.xml" with version "1.12-windows"
116:29:00.900224          Finished saving settings file "C:\Users\caste\.VirtualBox\VirtualBox.xml"
116:29:01.173000 MainPower Host resumed: Resumed 0 VMs
116:29:01.348568          Saving settings file "C:\Users\caste\.VirtualBox\VirtualBox.xml" with version "1.12-windows"
116:29:01.491806          Finished saving settings file "C:\Users\caste\.VirtualBox\VirtualBox.xml"
116:33:30.943657 dns-monitor HostDnsMonitor: updating information
116:33:30.943726 dns-monitor HostDnsMonitor: old information
116:33:30.943741 dns-monitor   no server entries
116:33:30.943755 dns-monitor   no domain set
116:33:30.943768 dns-monitor   no search string entries
116:33:30.943781 dns-monitor HostDnsMonitor: new information
116:33:30.943794 dns-monitor   server 1: 192.168.12.162
116:33:30.943808 dns-monitor   no domain set
116:33:30.943820 dns-monitor   no search string entries
116:41:06.780986 USBPROXY usbLibGetDevices: Starting USB device enumeration
116:41:06.790530 USBPROXY Getting USB descriptor (id 0) failed (dwErr=31) on hub USB#ROOT_HUB30#5&37724e48&0&0#{f18a0e88-c30c-11d0-8815-00a0c906bed8} port 1
116:41:06.790734 USBPROXY Getting USB descriptor (id 0) failed (dwErr=31) on hub USB#ROOT_HUB30#5&37724e48&0&0#{f18a0e88-c30c-11d0-8815-00a0c906bed8} port 2
116:41:06.791197 USBPROXY usbLibGetDevices: Found 3 USB devices, 0 captured
116:42:45.020053 USBPROXY usbLibGetDevices: Starting USB device enumeration
116:42:45.028479 USBPROXY Getting USB descriptor (id 0) failed (dwErr=31) on hub USB#ROOT_HUB30#5&37724e48&0&0#{f18a0e88-c30c-11d0-8815-00a0c906bed8} port 1
116:42:45.030681 USBPROXY Getting USB descriptor (id 0) failed (dwErr=31) on hub USB#ROOT_HUB30#5&37724e48&0&0#{f18a0e88-c30c-11d0-8815-00a0c906bed8} port 2
116:42:45.031142 USBPROXY usbLibGetDevices: Found 3 USB devices, 0 captured
116:57:38.861908 USBPROXY usbLibGetDevices: Starting USB device enumeration
116:57:38.870253 USBPROXY Getting USB descriptor (id 0) failed (dwErr=31) on hub USB#ROOT_HUB30#5&37724e48&0&0#{f18a0e88-c30c-11d0-8815-00a0c906bed8} port 1
116:57:38.870452 USBPROXY Getting USB descriptor (id 0) failed (dwErr=31) on hub USB#ROOT_HUB30#5&37724e48&0&0#{f18a0e88-c30c-11d0-8815-00a0c906bed8} port 2
116:57:38.870870 USBPROXY usbLibGetDevices: Found 3 USB devices, 0 captured
117:03:04.698786 USBPROXY usbLibGetDevices: Starting USB device enumeration
117:03:04.718088 USBPROXY Getting USB descriptor (id 0) failed (dwErr=31) on hub USB#ROOT_HUB30#5&37724e48&0&0#{f18a0e88-c30c-11d0-8815-00a0c906bed8} port 2
117:03:04.718869 USBPROXY usbLibGetDevices: Found 3 USB devices, 0 captured
117:03:30.573019 dns-monitor HostDnsMonitor: updating information
117:03:30.573088 dns-monitor HostDnsMonitor: unchanged
117:12:07.531476 USBPROXY usbLibGetDevices: Starting USB device enumeration
117:12:07.540048 USBPROXY Getting USB descriptor (id 0) failed (dwErr=31) on hub USB#ROOT_HUB30#5&37724e48&0&0#{f18a0e88-c30c-11d0-8815-00a0c906bed8} port 1
117:12:07.540285 USBPROXY Getting USB descriptor (id 0) failed (dwErr=31) on hub USB#ROOT_HUB30#5&37724e48&0&0#{f18a0e88-c30c-11d0-8815-00a0c906bed8} port 2
117:12:07.540824 USBPROXY usbLibGetDevices: Found 3 USB devices, 0 captured
117:16:31.875274 main     VirtualBox: object deletion starts
117:16:31.876570 main     ERROR [COM]: aRC=VBOX_E_OBJECT_IN_USE (0x80bb000c) aIID={ad47ad09-787b-44ab-b343-a082a3f2dfb1} aComponent={MediumWrap} aText={Medium 'C:\Users\caste\VirtualBox VMs\Windows XP\Windows XP.vdi' cannot be closed because it is still attached to 1 virtual machines}, preserve=false aResultDetail=0
117:16:31.881723 main     ERROR [COM]: aRC=VBOX_E_OBJECT_IN_USE (0x80bb000c) aIID={ad47ad09-787b-44ab-b343-a082a3f2dfb1} aComponent={MediumWrap} aText={Medium 'C:\Users\caste\VirtualBox VMs\KaliLinux\KaliLinux.vdi' cannot be closed because it is still attached to 1 virtual machines}, preserve=false aResultDetail=0
117:16:31.892509 main     HostDnsMonitor: shutting down ...
117:16:31.892668 main     HostDnsMonitor: shut down
117:16:31.900598 Watcher  ERROR [COM]: aRC=E_ACCESSDENIED (0x80070005) aIID={7682d5eb-f00e-44f1-8ca2-99d08b1cd607} aComponent={VirtualBoxWrap} aText={The object is not ready}, preserve=false aResultDetail=0
117:16:31.903847 main     VirtualBox: object deleted
